
> my-v0-project@0.1.0 dev
> next dev

   ▲ Next.js 15.2.4
   - Local:        http://localhost:8000
   - Network:      http://192.168.0.110:8000
   - Environments: .env

 ✓ Starting...
 ✓ Ready in 1099ms
 ○ Compiling /_not-found ...
 ✓ Compiled /_not-found in 1240ms (666 modules)
 GET /health 404 in 1488ms
 ✓ Compiled in 141ms (320 modules)
 ✓ Compiled /favicon.ico in 227ms (362 modules)
 GET /favicon.ico 200 in 477ms
 GET /health 404 in 78ms
 GET /favicon.ico 200 in 213ms
 ○ Compiling / ...
 ✓ Compiled / in 1729ms (3470 modules)
 GET / 200 in 2189ms
 ✓ Compiled /_not-found in 401ms (2045 modules)
 POST /chat 404 in 492ms
 POST /chat 404 in 26ms
 POST /chat 404 in 31ms
 POST /chat 404 in 23ms
 POST /chat 404 in 24ms
 POST /chat 404 in 28ms
 ✓ Compiled /_error in 449ms (2371 modules)
 POST /chat 404 in 723ms
 ⨯ [Error: ENOENT: no such file or directory, open '/Users/timhunter/ron-ai/.next/server/app/_not-found/page.js'] {
  errno: -2,
  code: 'ENOENT',
  syscall: 'open',
  path: '/Users/timhunter/ron-ai/.next/server/app/_not-found/page.js'
}
Warning: useLayoutEffect does nothing on the server, because its effect cannot be encoded into the server renderer's output format. This will lead to a mismatch between the initial, non-hydrated UI and the intended UI. To avoid this, useLayoutEffect should only be used in components that render exclusively on the client. See https://reactjs.org/link/uselayouteffect-ssr for common fixes.
    at ShadowPortal (/Users/timhunter/ron-ai/node_modules/next/src/client/components/react-dev-overlay/ui/components/shadow-portal.tsx:5:32)
    at DevOverlay (/Users/timhunter/ron-ai/node_modules/next/src/client/components/react-dev-overlay/ui/dev-overlay.tsx:14:3)
    at ReactDevOverlay (/Users/timhunter/ron-ai/node_modules/next/src/server/dev/next-dev-server.ts:82:10)
    at div
    at Body (/Users/timhunter/ron-ai/node_modules/next/src/server/render.tsx:1263:19)
Warning: useLayoutEffect does nothing on the server, because its effect cannot be encoded into the server renderer's output format. This will lead to a mismatch between the initial, non-hydrated UI and the intended UI. To avoid this, useLayoutEffect should only be used in components that render exclusively on the client. See https://reactjs.org/link/uselayouteffect-ssr for common fixes.
    at ShadowPortal (/Users/timhunter/ron-ai/node_modules/next/src/client/components/react-dev-overlay/ui/components/shadow-portal.tsx:5:32)
    at DevOverlay (/Users/timhunter/ron-ai/node_modules/next/src/client/components/react-dev-overlay/ui/dev-overlay.tsx:14:3)
    at ReactDevOverlay (/Users/timhunter/ron-ai/node_modules/next/src/server/dev/next-dev-server.ts:82:10)
    at div
    at Body (/Users/timhunter/ron-ai/node_modules/next/src/server/render.tsx:1263:19)
 POST /chat 500 in 545ms
 ⨯ [Error: ENOENT: no such file or directory, open '/Users/timhunter/ron-ai/.next/server/app/_not-found/page.js'] {
  errno: -2,
  code: 'ENOENT',
  syscall: 'open',
  path: '/Users/timhunter/ron-ai/.next/server/app/_not-found/page.js'
}
Warning: useLayoutEffect does nothing on the server, because its effect cannot be encoded into the server renderer's output format. This will lead to a mismatch between the initial, non-hydrated UI and the intended UI. To avoid this, useLayoutEffect should only be used in components that render exclusively on the client. See https://reactjs.org/link/uselayouteffect-ssr for common fixes.
    at ShadowPortal (/Users/timhunter/ron-ai/node_modules/next/src/client/components/react-dev-overlay/ui/components/shadow-portal.tsx:5:32)
    at DevOverlay (/Users/timhunter/ron-ai/node_modules/next/src/client/components/react-dev-overlay/ui/dev-overlay.tsx:14:3)
    at ReactDevOverlay (/Users/timhunter/ron-ai/node_modules/next/src/server/dev/next-dev-server.ts:82:10)
    at div
    at Body (/Users/timhunter/ron-ai/node_modules/next/src/server/render.tsx:1263:19)
Warning: useLayoutEffect does nothing on the server, because its effect cannot be encoded into the server renderer's output format. This will lead to a mismatch between the initial, non-hydrated UI and the intended UI. To avoid this, useLayoutEffect should only be used in components that render exclusively on the client. See https://reactjs.org/link/uselayouteffect-ssr for common fixes.
    at ShadowPortal (/Users/timhunter/ron-ai/node_modules/next/src/client/components/react-dev-overlay/ui/components/shadow-portal.tsx:5:32)
    at DevOverlay (/Users/timhunter/ron-ai/node_modules/next/src/client/components/react-dev-overlay/ui/dev-overlay.tsx:14:3)
    at ReactDevOverlay (/Users/timhunter/ron-ai/node_modules/next/src/server/dev/next-dev-server.ts:82:10)
    at div
    at Body (/Users/timhunter/ron-ai/node_modules/next/src/server/render.tsx:1263:19)
 POST /chat 500 in 28ms
 ⨯ [Error: ENOENT: no such file or directory, open '/Users/timhunter/ron-ai/.next/server/app/_not-found/page.js'] {
  errno: -2,
  code: 'ENOENT',
  syscall: 'open',
  path: '/Users/timhunter/ron-ai/.next/server/app/_not-found/page.js'
}
Warning: useLayoutEffect does nothing on the server, because its effect cannot be encoded into the server renderer's output format. This will lead to a mismatch between the initial, non-hydrated UI and the intended UI. To avoid this, useLayoutEffect should only be used in components that render exclusively on the client. See https://reactjs.org/link/uselayouteffect-ssr for common fixes.
    at ShadowPortal (/Users/timhunter/ron-ai/node_modules/next/src/client/components/react-dev-overlay/ui/components/shadow-portal.tsx:5:32)
    at DevOverlay (/Users/timhunter/ron-ai/node_modules/next/src/client/components/react-dev-overlay/ui/dev-overlay.tsx:14:3)
    at ReactDevOverlay (/Users/timhunter/ron-ai/node_modules/next/src/server/dev/next-dev-server.ts:82:10)
    at div
    at Body (/Users/timhunter/ron-ai/node_modules/next/src/server/render.tsx:1263:19)
Warning: useLayoutEffect does nothing on the server, because its effect cannot be encoded into the server renderer's output format. This will lead to a mismatch between the initial, non-hydrated UI and the intended UI. To avoid this, useLayoutEffect should only be used in components that render exclusively on the client. See https://reactjs.org/link/uselayouteffect-ssr for common fixes.
    at ShadowPortal (/Users/timhunter/ron-ai/node_modules/next/src/client/components/react-dev-overlay/ui/components/shadow-portal.tsx:5:32)
    at DevOverlay (/Users/timhunter/ron-ai/node_modules/next/src/client/components/react-dev-overlay/ui/dev-overlay.tsx:14:3)
    at ReactDevOverlay (/Users/timhunter/ron-ai/node_modules/next/src/server/dev/next-dev-server.ts:82:10)
    at div
    at Body (/Users/timhunter/ron-ai/node_modules/next/src/server/render.tsx:1263:19)
 POST /chat 500 in 13ms
 ⨯ [Error: ENOENT: no such file or directory, open '/Users/timhunter/ron-ai/.next/server/app/_not-found/page.js'] {
  errno: -2,
  code: 'ENOENT',
  syscall: 'open',
  path: '/Users/timhunter/ron-ai/.next/server/app/_not-found/page.js'
}
Warning: useLayoutEffect does nothing on the server, because its effect cannot be encoded into the server renderer's output format. This will lead to a mismatch between the initial, non-hydrated UI and the intended UI. To avoid this, useLayoutEffect should only be used in components that render exclusively on the client. See https://reactjs.org/link/uselayouteffect-ssr for common fixes.
    at ShadowPortal (/Users/timhunter/ron-ai/node_modules/next/src/client/components/react-dev-overlay/ui/components/shadow-portal.tsx:5:32)
    at DevOverlay (/Users/timhunter/ron-ai/node_modules/next/src/client/components/react-dev-overlay/ui/dev-overlay.tsx:14:3)
    at ReactDevOverlay (/Users/timhunter/ron-ai/node_modules/next/src/server/dev/next-dev-server.ts:82:10)
    at div
    at Body (/Users/timhunter/ron-ai/node_modules/next/src/server/render.tsx:1263:19)
Warning: useLayoutEffect does nothing on the server, because its effect cannot be encoded into the server renderer's output format. This will lead to a mismatch between the initial, non-hydrated UI and the intended UI. To avoid this, useLayoutEffect should only be used in components that render exclusively on the client. See https://reactjs.org/link/uselayouteffect-ssr for common fixes.
    at ShadowPortal (/Users/timhunter/ron-ai/node_modules/next/src/client/components/react-dev-overlay/ui/components/shadow-portal.tsx:5:32)
    at DevOverlay (/Users/timhunter/ron-ai/node_modules/next/src/client/components/react-dev-overlay/ui/dev-overlay.tsx:14:3)
    at ReactDevOverlay (/Users/timhunter/ron-ai/node_modules/next/src/server/dev/next-dev-server.ts:82:10)
    at div
    at Body (/Users/timhunter/ron-ai/node_modules/next/src/server/render.tsx:1263:19)
 POST /chat 500 in 25ms
 ⨯ [Error: ENOENT: no such file or directory, open '/Users/timhunter/ron-ai/.next/server/app/_not-found/page.js'] {
  errno: -2,
  code: 'ENOENT',
  syscall: 'open',
  path: '/Users/timhunter/ron-ai/.next/server/app/_not-found/page.js'
}
Warning: useLayoutEffect does nothing on the server, because its effect cannot be encoded into the server renderer's output format. This will lead to a mismatch between the initial, non-hydrated UI and the intended UI. To avoid this, useLayoutEffect should only be used in components that render exclusively on the client. See https://reactjs.org/link/uselayouteffect-ssr for common fixes.
    at ShadowPortal (/Users/timhunter/ron-ai/node_modules/next/src/client/components/react-dev-overlay/ui/components/shadow-portal.tsx:5:32)
    at DevOverlay (/Users/timhunter/ron-ai/node_modules/next/src/client/components/react-dev-overlay/ui/dev-overlay.tsx:14:3)
    at ReactDevOverlay (/Users/timhunter/ron-ai/node_modules/next/src/server/dev/next-dev-server.ts:82:10)
    at div
    at Body (/Users/timhunter/ron-ai/node_modules/next/src/server/render.tsx:1263:19)
Warning: useLayoutEffect does nothing on the server, because its effect cannot be encoded into the server renderer's output format. This will lead to a mismatch between the initial, non-hydrated UI and the intended UI. To avoid this, useLayoutEffect should only be used in components that render exclusively on the client. See https://reactjs.org/link/uselayouteffect-ssr for common fixes.
    at ShadowPortal (/Users/timhunter/ron-ai/node_modules/next/src/client/components/react-dev-overlay/ui/components/shadow-portal.tsx:5:32)
    at DevOverlay (/Users/timhunter/ron-ai/node_modules/next/src/client/components/react-dev-overlay/ui/dev-overlay.tsx:14:3)
    at ReactDevOverlay (/Users/timhunter/ron-ai/node_modules/next/src/server/dev/next-dev-server.ts:82:10)
    at div
    at Body (/Users/timhunter/ron-ai/node_modules/next/src/server/render.tsx:1263:19)
 POST /chat 500 in 22ms
 POST /chat 404 in 61ms
 POST /chat 404 in 15ms
 POST /chat 404 in 27ms
 POST /chat 404 in 16ms
 POST /chat 404 in 25ms
 POST /chat 404 in 30ms
 POST /chat 404 in 25ms
 POST /chat 404 in 28ms
 POST /chat 404 in 32ms
 POST /chat 404 in 28ms
 POST /chat 404 in 30ms
 POST /chat 404 in 21ms
 POST /chat 404 in 28ms
 POST /chat 404 in 11ms
 POST /chat 404 in 27ms
 POST /chat 404 in 26ms
 POST /chat 404 in 22ms
 POST /chat 404 in 14ms
 ✓ Compiled in 556ms (1948 modules)
 ✓ Compiled /api/chat in 383ms (2064 modules)
 POST /api/chat 200 in 433ms
 POST /api/chat 200 in 12ms
 POST /api/chat 200 in 20132ms
[?25h
